c:\users\airkick\desktop\lab2\pipeline_simulator\pipeline_simulator\debug\vc140.pdb
c:\users\airkick\desktop\lab2\pipeline_simulator\pipeline_simulator\debug\vc140.idb
c:\users\airkick\desktop\lab2\pipeline_simulator\pipeline_simulator\debug\data_memory.obj
c:\users\airkick\desktop\lab2\pipeline_simulator\pipeline_simulator\debug\instructions.obj
c:\users\airkick\desktop\lab2\pipeline_simulator\pipeline_simulator\debug\instr_memory.obj
c:\users\airkick\desktop\lab2\pipeline_simulator\pipeline_simulator\debug\mips_lexer.obj
c:\users\airkick\desktop\lab2\pipeline_simulator\pipeline_simulator\debug\mips_parser.obj
c:\users\airkick\desktop\lab2\pipeline_simulator\pipeline_simulator\debug\mips_pipeline.obj
c:\users\airkick\desktop\lab2\pipeline_simulator\pipeline_simulator\debug\pipeline.obj
c:\users\airkick\desktop\lab2\pipeline_simulator\pipeline_simulator\debug\register_file.obj
c:\users\airkick\desktop\lab2\pipeline_simulator\pipeline_simulator\debug\symbol_table.obj
c:\users\airkick\desktop\lab2\pipeline_simulator\pipeline_simulator\debug\update.obj
c:\users\airkick\desktop\lab2\pipeline_simulator\pipeline_simulator\debug\utils.obj
c:\users\airkick\desktop\lab2\pipeline_simulator\pipeline_simulator\debug\stdafx.obj
c:\users\airkick\desktop\lab2\pipeline_simulator\debug\pipeline_simulator.pdb
c:\users\airkick\desktop\lab2\pipeline_simulator\debug\pipeline_simulator.exe
c:\users\airkick\desktop\lab2\pipeline_simulator\debug\pipeline_simulator.ilk
c:\users\airkick\desktop\lab2\pipeline_simulator\pipeline_simulator\debug\pipeline.11246983.tlog\cl.command.1.tlog
c:\users\airkick\desktop\lab2\pipeline_simulator\pipeline_simulator\debug\pipeline.11246983.tlog\cl.read.1.tlog
c:\users\airkick\desktop\lab2\pipeline_simulator\pipeline_simulator\debug\pipeline.11246983.tlog\cl.write.1.tlog
c:\users\airkick\desktop\lab2\pipeline_simulator\pipeline_simulator\debug\pipeline.11246983.tlog\link.command.1.tlog
c:\users\airkick\desktop\lab2\pipeline_simulator\pipeline_simulator\debug\pipeline.11246983.tlog\link.read.1.tlog
c:\users\airkick\desktop\lab2\pipeline_simulator\pipeline_simulator\debug\pipeline.11246983.tlog\link.write.1.tlog
